#
# There is insufficient memory for the Java Runtime Environment to continue.
# Native memory allocation (malloc) failed to allocate 1684160 bytes for Chunk::new
# Possible reasons:
#   The system is out of physical RAM or swap space
#   The process is running with CompressedOops enabled, and the Java Heap may be blocking the growth of the native heap
# Possible solutions:
#   Reduce memory load on the system
#   Increase physical memory or swap space
#   Check if swap backing store is full
#   Decrease Java heap size (-Xmx/-Xms)
#   Decrease number of Java threads
#   Decrease Java thread stack sizes (-Xss)
#   Set larger code cache with -XX:ReservedCodeCacheSize=
#   JVM is running with Unscaled Compressed Oops mode in which the Java heap is
#     placed in the first 4GB address space. The Java Heap base address is the
#     maximum limit for the native heap growth. Please use -XX:HeapBaseMinAddress
#     to set the Java Heap base and to place the Java Heap above 4GB virtual address.
# This output file may be truncated or incomplete.
#
#  Out of Memory Error (arena.cpp:189), pid=5356, tid=15532
#
# JRE version: OpenJDK Runtime Environment Temurin-17.0.1+12 (17.0.1+12) (build 17.0.1+12)
# Java VM: OpenJDK 64-Bit Server VM Temurin-17.0.1+12 (17.0.1+12, mixed mode, sharing, tiered, compressed oops, compressed class ptrs, g1 gc, windows-amd64)
# No core dump will be written. Minidumps are not enabled by default on client versions of Windows
#

---------------  S U M M A R Y ------------

Command Line: --add-opens=java.base/java.util=ALL-UNNAMED --add-opens=java.base/java.lang=ALL-UNNAMED --add-opens=java.base/java.lang.invoke=ALL-UNNAMED --add-opens=java.base/java.util=ALL-UNNAMED --add-opens=java.prefs/java.util.prefs=ALL-UNNAMED --add-opens=java.prefs/java.util.prefs=ALL-UNNAMED --add-opens=java.base/java.nio.charset=ALL-UNNAMED --add-opens=java.base/java.net=ALL-UNNAMED --add-opens=java.base/java.util.concurrent.atomic=ALL-UNNAMED -Xmx2048m -Dfile.encoding=windows-1252 -Duser.country=ID -Duser.language=en -Duser.variant org.gradle.launcher.daemon.bootstrap.GradleDaemon 7.2

Host: AMD A8-7410 APU with AMD Radeon R5 Graphics    , 4 cores, 3G,  Windows 10 , 64 bit Build 19041 (10.0.19041.2364)
Time: Mon Feb 13 02:01:57 2023 SE Asia Standard Time elapsed time: 9.716264 seconds (0d 0h 0m 9s)

---------------  T H R E A D  ---------------

Current thread (0x00000245fcadc960):  JavaThread "C2 CompilerThread0" daemon [_thread_in_native, id=15532, stack(0x000000d2fe400000,0x000000d2fe500000)]


Current CompileTask:
C2:   9716 2075   !   4       java.lang.ClassLoader::loadClass (121 bytes)

Stack: [0x000000d2fe400000,0x000000d2fe500000]
Native frames: (J=compiled Java code, j=interpreted, Vv=VM code, C=native code)
V  [jvm.dll+0x6744da]
V  [jvm.dll+0x82e144]
V  [jvm.dll+0x82f8ee]
V  [jvm.dll+0x82ff53]
V  [jvm.dll+0x245175]
V  [jvm.dll+0xab85b]
V  [jvm.dll+0xabdec]
V  [jvm.dll+0x362f07]
V  [jvm.dll+0x1bb698]
V  [jvm.dll+0x218189]
V  [jvm.dll+0x217451]
V  [jvm.dll+0x1a355d]
V  [jvm.dll+0x226e38]
V  [jvm.dll+0x224f7c]
V  [jvm.dll+0x7e3f5b]
V  [jvm.dll+0x7de51a]
V  [jvm.dll+0x673305]
C  [ucrtbase.dll+0x21bb2]
C  [KERNEL32.DLL+0x17614]
C  [ntdll.dll+0x526a1]


---------------  P R O C E S S  ---------------

Threads class SMR info:
_java_thread_list=0x000002459b5f2160, length=25, elements={
0x00000245fca01170, 0x00000245fcabe1a0, 0x00000245fcabec60, 0x00000245fcad3ef0,
0x00000245fcad47b0, 0x00000245fcad5070, 0x00000245fcad7880, 0x00000245fcadc960,
0x00000245fcadd310, 0x00000245ffb31f90, 0x000002459b4aa8c0, 0x000002459b4b2dc0,
0x000002459c9235b0, 0x000002459bfe9090, 0x000002459c1bf890, 0x000002459c0c0c30,
0x000002459c0c0030, 0x000002459bc5b860, 0x000002459ca66040, 0x000002459c862e30,
0x000002459c862960, 0x000002459c862490, 0x000002459c864b10, 0x000002459c861fc0,
0x000002459c863ca0
}

Java Threads: ( => current thread )
  0x00000245fca01170 JavaThread "main" [_thread_blocked, id=12808, stack(0x000000d2fd700000,0x000000d2fd800000)]
  0x00000245fcabe1a0 JavaThread "Reference Handler" daemon [_thread_blocked, id=16136, stack(0x000000d2fde00000,0x000000d2fdf00000)]
  0x00000245fcabec60 JavaThread "Finalizer" daemon [_thread_blocked, id=18312, stack(0x000000d2fdf00000,0x000000d2fe000000)]
  0x00000245fcad3ef0 JavaThread "Signal Dispatcher" daemon [_thread_blocked, id=16872, stack(0x000000d2fe000000,0x000000d2fe100000)]
  0x00000245fcad47b0 JavaThread "Attach Listener" daemon [_thread_blocked, id=15836, stack(0x000000d2fe100000,0x000000d2fe200000)]
  0x00000245fcad5070 JavaThread "Service Thread" daemon [_thread_blocked, id=19236, stack(0x000000d2fe200000,0x000000d2fe300000)]
  0x00000245fcad7880 JavaThread "Monitor Deflation Thread" daemon [_thread_blocked, id=5752, stack(0x000000d2fe300000,0x000000d2fe400000)]
=>0x00000245fcadc960 JavaThread "C2 CompilerThread0" daemon [_thread_in_native, id=15532, stack(0x000000d2fe400000,0x000000d2fe500000)]
  0x00000245fcadd310 JavaThread "C1 CompilerThread0" daemon [_thread_blocked, id=19240, stack(0x000000d2fe500000,0x000000d2fe600000)]
  0x00000245ffb31f90 JavaThread "Sweeper thread" daemon [_thread_blocked, id=18308, stack(0x000000d2fe600000,0x000000d2fe700000)]
  0x000002459b4aa8c0 JavaThread "Common-Cleaner" daemon [_thread_blocked, id=19232, stack(0x000000d2fe700000,0x000000d2fe800000)]
  0x000002459b4b2dc0 JavaThread "Notification Thread" daemon [_thread_blocked, id=15612, stack(0x000000d2fe800000,0x000000d2fe900000)]
  0x000002459c9235b0 JavaThread "Daemon health stats" [_thread_blocked, id=15512, stack(0x000000d2fed00000,0x000000d2fee00000)]
  0x000002459bfe9090 JavaThread "Incoming local TCP Connector on port 55486" [_thread_in_native, id=17908, stack(0x000000d2fee00000,0x000000d2fef00000)]
  0x000002459c1bf890 JavaThread "Daemon periodic checks" [_thread_blocked, id=16212, stack(0x000000d2fef00000,0x000000d2ff000000)]
  0x000002459c0c0c30 JavaThread "Daemon" [_thread_blocked, id=2828, stack(0x000000d2ff000000,0x000000d2ff100000)]
  0x000002459c0c0030 JavaThread "Handler for socket connection from /127.0.0.1:55486 to /127.0.0.1:55487" [_thread_in_native, id=5616, stack(0x000000d2ff100000,0x000000d2ff200000)]
  0x000002459bc5b860 JavaThread "Cancel handler" [_thread_blocked, id=18696, stack(0x000000d2ff200000,0x000000d2ff300000)]
  0x000002459ca66040 JavaThread "Daemon worker" [_thread_in_Java, id=17912, stack(0x000000d2ff300000,0x000000d2ff400000)]
  0x000002459c862e30 JavaThread "Asynchronous log dispatcher for DefaultDaemonConnection: socket connection from /127.0.0.1:55486 to /127.0.0.1:55487" [_thread_blocked, id=17096, stack(0x000000d2ff400000,0x000000d2ff500000)]
  0x000002459c862960 JavaThread "Stdin handler" [_thread_blocked, id=18692, stack(0x000000d2ff500000,0x000000d2ff600000)]
  0x000002459c862490 JavaThread "Daemon client event forwarder" [_thread_blocked, id=18688, stack(0x000000d2ff600000,0x000000d2ff700000)]
  0x000002459c864b10 JavaThread "Cache worker for journal cache (C:\Users\dwise\.gradle\caches\journal-1)" [_thread_blocked, id=17920, stack(0x000000d2ff700000,0x000000d2ff800000)]
  0x000002459c861fc0 JavaThread "File lock request listener" [_thread_in_native, id=18700, stack(0x000000d2ff800000,0x000000d2ff900000)]
  0x000002459c863ca0 JavaThread "Cache worker for file hash cache (C:\Users\dwise\.gradle\caches\7.2\fileHashes)" [_thread_blocked, id=16708, stack(0x000000d2ff900000,0x000000d2ffa00000)]

Other Threads:
  0x00000245fcab7790 VMThread "VM Thread" [stack: 0x000000d2fdd00000,0x000000d2fde00000] [id=5496]
  0x000002459b4b52a0 WatcherThread [stack: 0x000000d2fe900000,0x000000d2fea00000] [id=10132]
  0x00000245fca410c0 GCTaskThread "GC Thread#0" [stack: 0x000000d2fd800000,0x000000d2fd900000] [id=19224]
  0x000002459ba59ca0 GCTaskThread "GC Thread#1" [stack: 0x000000d2fea00000,0x000000d2feb00000] [id=8120]
  0x000002459b5ee0d0 GCTaskThread "GC Thread#2" [stack: 0x000000d2feb00000,0x000000d2fec00000] [id=5488]
  0x000002459b5c26c0 GCTaskThread "GC Thread#3" [stack: 0x000000d2fec00000,0x000000d2fed00000] [id=12460]
  0x00000245fca52550 ConcurrentGCThread "G1 Main Marker" [stack: 0x000000d2fd900000,0x000000d2fda00000] [id=9976]
  0x00000245fca52d10 ConcurrentGCThread "G1 Conc#0" [stack: 0x000000d2fda00000,0x000000d2fdb00000] [id=19220]
  0x00000245fca8e660 ConcurrentGCThread "G1 Refine#0" [stack: 0x000000d2fdb00000,0x000000d2fdc00000] [id=5740]
  0x00000245fca8ee30 ConcurrentGCThread "G1 Service" [stack: 0x000000d2fdc00000,0x000000d2fdd00000] [id=2880]

Threads with active compile tasks:
C2 CompilerThread0     9791 2075   !   4       java.lang.ClassLoader::loadClass (121 bytes)

VM state: not at safepoint (normal execution)

VM Mutex/Monitor currently owned by a thread: None

Heap address: 0x0000000080000000, size: 2048 MB, Compressed Oops mode: 32-bit

CDS archive(s) mapped at: [0x0000000800000000-0x0000000800bc0000-0x0000000800bc0000), size 12320768, SharedBaseAddress: 0x0000000800000000, ArchiveRelocationMode: 0.
Compressed class space mapped at: 0x0000000800c00000-0x0000000840c00000, reserved size: 1073741824
Narrow klass base: 0x0000000800000000, Narrow klass shift: 0, Narrow klass range: 0x100000000

GC Precious Log:
 CPUs: 4 total, 4 available
 Memory: 3550M
 Large Page Support: Disabled
 NUMA Support: Disabled
 Compressed Oops: Enabled (32-bit)
 Heap Region Size: 1M
 Heap Min Capacity: 8M
 Heap Initial Capacity: 56M
 Heap Max Capacity: 2G
 Pre-touch: Disabled
 Parallel Workers: 4
 Concurrent Workers: 1
 Concurrent Refinement Workers: 4
 Periodic GC: Disabled

Heap:
 garbage-first heap   total 57344K, used 34758K [0x0000000080000000, 0x0000000100000000)
  region size 1024K, 21 young (21504K), 2 survivors (2048K)
 Metaspace       used 14516K, committed 14848K, reserved 1064960K
  class space    used 2119K, committed 2304K, reserved 1048576K

Heap Regions: E=young(eden), S=young(survivor), O=old, HS=humongous(starts), HC=humongous(continues), CS=collection set, F=free, OA=open archive, CA=closed archive, TAMS=top-at-mark-start (previous, next)
|   0|0x0000000080000000, 0x0000000080100000, 0x0000000080100000|100%|HS|  |TAMS 0x0000000080000000, 0x0000000080000000| Complete 
|   1|0x0000000080100000, 0x0000000080200000, 0x0000000080200000|100%|HC|  |TAMS 0x0000000080100000, 0x0000000080100000| Complete 
|   2|0x0000000080200000, 0x0000000080300000, 0x0000000080300000|100%|HC|  |TAMS 0x0000000080200000, 0x0000000080200000| Complete 
|   3|0x0000000080300000, 0x0000000080400000, 0x0000000080400000|100%| O|  |TAMS 0x0000000080300000, 0x0000000080300000| Untracked 
|   4|0x0000000080400000, 0x0000000080500000, 0x0000000080500000|100%| O|  |TAMS 0x0000000080400000, 0x0000000080400000| Untracked 
|   5|0x0000000080500000, 0x0000000080600000, 0x0000000080600000|100%| O|  |TAMS 0x0000000080500000, 0x0000000080500000| Untracked 
|   6|0x0000000080600000, 0x0000000080700000, 0x0000000080700000|100%| O|  |TAMS 0x0000000080600000, 0x0000000080600000| Untracked 
|   7|0x0000000080700000, 0x0000000080800000, 0x0000000080800000|100%| O|  |TAMS 0x0000000080700000, 0x0000000080700000| Untracked 
|   8|0x0000000080800000, 0x0000000080900000, 0x0000000080900000|100%| O|  |TAMS 0x0000000080800000, 0x0000000080800000| Untracked 
|   9|0x0000000080900000, 0x0000000080a00000, 0x0000000080a00000|100%| O|  |TAMS 0x0000000080900000, 0x0000000080900000| Untracked 
|  10|0x0000000080a00000, 0x0000000080b00000, 0x0000000080b00000|100%| O|  |TAMS 0x0000000080a00000, 0x0000000080a00000| Untracked 
|  11|0x0000000080b00000, 0x0000000080c00000, 0x0000000080c00000|100%| O|  |TAMS 0x0000000080b00000, 0x0000000080b00000| Untracked 
|  12|0x0000000080c00000, 0x0000000080d00000, 0x0000000080d00000|100%| O|  |TAMS 0x0000000080c00000, 0x0000000080c00000| Untracked 
|  13|0x0000000080d00000, 0x0000000080e00000, 0x0000000080e00000|100%| O|  |TAMS 0x0000000080d00000, 0x0000000080d00000| Untracked 
|  14|0x0000000080e00000, 0x0000000080f00000, 0x0000000080f00000|100%| O|  |TAMS 0x0000000080e00000, 0x0000000080e00000| Untracked 
|  15|0x0000000080f00000, 0x0000000080f29000, 0x0000000081000000| 16%| O|  |TAMS 0x0000000080f00000, 0x0000000080f00000| Untracked 
|  16|0x0000000081000000, 0x0000000081000000, 0x0000000081100000|  0%| F|  |TAMS 0x0000000081000000, 0x0000000081000000| Untracked 
|  17|0x0000000081100000, 0x0000000081100000, 0x0000000081200000|  0%| F|  |TAMS 0x0000000081100000, 0x0000000081100000| Untracked 
|  18|0x0000000081200000, 0x0000000081200000, 0x0000000081300000|  0%| F|  |TAMS 0x0000000081200000, 0x0000000081200000| Untracked 
|  19|0x0000000081300000, 0x0000000081300000, 0x0000000081400000|  0%| F|  |TAMS 0x0000000081300000, 0x0000000081300000| Untracked 
|  20|0x0000000081400000, 0x0000000081400000, 0x0000000081500000|  0%| F|  |TAMS 0x0000000081400000, 0x0000000081400000| Untracked 
|  21|0x0000000081500000, 0x0000000081500000, 0x0000000081600000|  0%| F|  |TAMS 0x0000000081500000, 0x0000000081500000| Untracked 
|  22|0x0000000081600000, 0x0000000081600000, 0x0000000081700000|  0%| F|  |TAMS 0x0000000081600000, 0x0000000081600000| Untracked 
|  23|0x0000000081700000, 0x0000000081700000, 0x0000000081800000|  0%| F|  |TAMS 0x0000000081700000, 0x0000000081700000| Untracked 
|  24|0x0000000081800000, 0x0000000081800000, 0x0000000081900000|  0%| F|  |TAMS 0x0000000081800000, 0x0000000081800000| Untracked 
|  25|0x0000000081900000, 0x0000000081900000, 0x0000000081a00000|  0%| F|  |TAMS 0x0000000081900000, 0x0000000081900000| Untracked 
|  26|0x0000000081a00000, 0x0000000081a00000, 0x0000000081b00000|  0%| F|  |TAMS 0x0000000081a00000, 0x0000000081a00000| Untracked 
|  27|0x0000000081b00000, 0x0000000081b00000, 0x0000000081c00000|  0%| F|  |TAMS 0x0000000081b00000, 0x0000000081b00000| Untracked 
|  28|0x0000000081c00000, 0x0000000081c00000, 0x0000000081d00000|  0%| F|  |TAMS 0x0000000081c00000, 0x0000000081c00000| Untracked 
|  29|0x0000000081d00000, 0x0000000081d00000, 0x0000000081e00000|  0%| F|  |TAMS 0x0000000081d00000, 0x0000000081d00000| Untracked 
|  30|0x0000000081e00000, 0x0000000081e00000, 0x0000000081f00000|  0%| F|  |TAMS 0x0000000081e00000, 0x0000000081e00000| Untracked 
|  31|0x0000000081f00000, 0x0000000081f00000, 0x0000000082000000|  0%| F|  |TAMS 0x0000000081f00000, 0x0000000081f00000| Untracked 
|  32|0x0000000082000000, 0x0000000082000000, 0x0000000082100000|  0%| F|  |TAMS 0x0000000082000000, 0x0000000082000000| Untracked 
|  33|0x0000000082100000, 0x0000000082100000, 0x0000000082200000|  0%| F|  |TAMS 0x0000000082100000, 0x0000000082100000| Untracked 
|  34|0x0000000082200000, 0x0000000082200000, 0x0000000082300000|  0%| F|  |TAMS 0x0000000082200000, 0x0000000082200000| Untracked 
|  35|0x0000000082300000, 0x00000000823c8b50, 0x0000000082400000| 78%| S|CS|TAMS 0x0000000082300000, 0x0000000082300000| Complete 
|  36|0x0000000082400000, 0x0000000082500000, 0x0000000082500000|100%| S|CS|TAMS 0x0000000082400000, 0x0000000082400000| Complete 
|  37|0x0000000082500000, 0x0000000082539db0, 0x0000000082600000| 22%| E|  |TAMS 0x0000000082500000, 0x0000000082500000| Complete 
|  38|0x0000000082600000, 0x0000000082700000, 0x0000000082700000|100%| E|CS|TAMS 0x0000000082600000, 0x0000000082600000| Complete 
|  39|0x0000000082700000, 0x0000000082800000, 0x0000000082800000|100%| E|CS|TAMS 0x0000000082700000, 0x0000000082700000| Complete 
|  40|0x0000000082800000, 0x0000000082900000, 0x0000000082900000|100%| E|CS|TAMS 0x0000000082800000, 0x0000000082800000| Complete 
|  41|0x0000000082900000, 0x0000000082a00000, 0x0000000082a00000|100%| E|CS|TAMS 0x0000000082900000, 0x0000000082900000| Complete 
|  42|0x0000000082a00000, 0x0000000082b00000, 0x0000000082b00000|100%| E|CS|TAMS 0x0000000082a00000, 0x0000000082a00000| Complete 
|  43|0x0000000082b00000, 0x0000000082c00000, 0x0000000082c00000|100%| E|CS|TAMS 0x0000000082b00000, 0x0000000082b00000| Complete 
|  44|0x0000000082c00000, 0x0000000082d00000, 0x0000000082d00000|100%| E|CS|TAMS 0x0000000082c00000, 0x0000000082c00000| Complete 
|  45|0x0000000082d00000, 0x0000000082e00000, 0x0000000082e00000|100%| E|CS|TAMS 0x0000000082d00000, 0x0000000082d00000| Complete 
|  46|0x0000000082e00000, 0x0000000082f00000, 0x0000000082f00000|100%| E|CS|TAMS 0x0000000082e00000, 0x0000000082e00000| Complete 
|  47|0x0000000082f00000, 0x0000000083000000, 0x0000000083000000|100%| E|CS|TAMS 0x0000000082f00000, 0x0000000082f00000| Complete 
|  48|0x0000000083000000, 0x0000000083100000, 0x0000000083100000|100%| E|CS|TAMS 0x0000000083000000, 0x0000000083000000| Complete 
|  49|0x0000000083100000, 0x0000000083200000, 0x0000000083200000|100%| E|CS|TAMS 0x0000000083100000, 0x0000000083100000| Complete 
|  50|0x0000000083200000, 0x0000000083300000, 0x0000000083300000|100%| E|CS|TAMS 0x0000000083200000, 0x0000000083200000| Complete 
|  51|0x0000000083300000, 0x0000000083400000, 0x0000000083400000|100%| E|CS|TAMS 0x0000000083300000, 0x0000000083300000| Complete 
|  52|0x0000000083400000, 0x0000000083500000, 0x0000000083500000|100%| E|CS|TAMS 0x0000000083400000, 0x0000000083400000| Complete 
|  53|0x0000000083500000, 0x0000000083600000, 0x0000000083600000|100%| E|CS|TAMS 0x0000000083500000, 0x0000000083500000| Complete 
|  54|0x0000000083600000, 0x0000000083700000, 0x0000000083700000|100%| E|  |TAMS 0x0000000083600000, 0x0000000083600000| Complete 
|  55|0x0000000083700000, 0x0000000083800000, 0x0000000083800000|100%| E|CS|TAMS 0x0000000083700000, 0x0000000083700000| Complete 

Card table byte_map: [0x00000245fcee0000,0x00000245fd2e0000] _byte_map_base: 0x00000245fcae0000

Marking Bits (Prev, Next): (CMBitMap*) 0x00000245fca41480, (CMBitMap*) 0x00000245fca414c0
 Prev Bits: [0x00000245fd6e0000, 0x00000245ff6e0000)
 Next Bits: [0x00000245969f0000, 0x00000245989f0000)

Polling page: 0x00000245fa8a0000

Metaspace:

Usage:
  Non-class:     12.12 MB used.
      Class:      2.07 MB used.
       Both:     14.19 MB used.

Virtual space:
  Non-class space:       16.00 MB reserved,      12.25 MB ( 77%) committed,  2 nodes.
      Class space:        1.00 GB reserved,       2.25 MB ( <1%) committed,  1 nodes.
             Both:        1.02 GB reserved,      14.50 MB (  1%) committed. 

Chunk freelists:
   Non-Class:  3.56 MB
       Class:  1.73 MB
        Both:  5.29 MB

MaxMetaspaceSize: unlimited
CompressedClassSpaceSize: 1.00 GB
Initial GC threshold: 21.00 MB
Current GC threshold: 21.00 MB
CDS: on
MetaspaceReclaimPolicy: balanced
 - commit_granule_bytes: 65536.
 - commit_granule_words: 8192.
 - virtual_space_node_default_size: 1048576.
 - enlarge_chunks_in_place: 1.
 - new_chunks_are_fully_committed: 0.
 - uncommit_free_chunks: 1.
 - use_allocation_guard: 0.
 - handle_deallocations: 1.


Internal statistics:

num_allocs_failed_limit: 0.
num_arena_births: 170.
num_arena_deaths: 0.
num_vsnodes_births: 3.
num_vsnodes_deaths: 0.
num_space_committed: 232.
num_space_uncommitted: 0.
num_chunks_returned_to_freelist: 0.
num_chunks_taken_from_freelist: 631.
num_chunk_merges: 0.
num_chunk_splits: 428.
num_chunks_enlarged: 319.
num_purges: 0.
num_inconsistent_stats: 0.

CodeHeap 'non-profiled nmethods': size=120000Kb used=919Kb max_used=919Kb free=119080Kb
 bounds [0x000002458f4c0000, 0x000002458f730000, 0x00000245969f0000]
CodeHeap 'profiled nmethods': size=120000Kb used=4288Kb max_used=4288Kb free=115712Kb
 bounds [0x0000024587f90000, 0x00000245883c0000, 0x000002458f4c0000]
CodeHeap 'non-nmethods': size=5760Kb used=1211Kb max_used=1221Kb free=4548Kb
 bounds [0x00000245879f0000, 0x0000024587c60000, 0x0000024587f90000]
 total_blobs=2636 nmethods=2123 adapters=426
 compilation: enabled
              stopped_count=0, restarted_count=0
 full_count=0

Compilation events (20 events):
Event: 9.608 Thread 0x00000245fcadd310 2117       3       sun.reflect.generics.visitor.Reifier::visitClassTypeSignature (381 bytes)
Event: 9.611 Thread 0x00000245fcadd310 nmethod 2117 0x00000245883b0d90 code [0x00000245883b11a0, 0x00000245883b2d88]
Event: 9.611 Thread 0x00000245fcadd310 2120       3       java.lang.reflect.Method::getGenericParameterTypes (5 bytes)
Event: 9.614 Thread 0x00000245fcadd310 nmethod 2120 0x00000245883b3710 code [0x00000245883b39c0, 0x00000245883b4a78]
Event: 9.614 Thread 0x00000245fcadd310 2118       3       org.gradle.internal.service.DefaultServiceMethodFactory::toServiceMethod (11 bytes)
Event: 9.614 Thread 0x00000245fcadd310 nmethod 2118 0x00000245883b4f90 code [0x00000245883b5140, 0x00000245883b5308]
Event: 9.614 Thread 0x00000245fcadd310 2119   !   3       org.gradle.internal.service.MethodHandleBasedServiceMethodFactory::toServiceMethod (51 bytes)
Event: 9.617 Thread 0x00000245fcadd310 nmethod 2119 0x00000245883b5410 code [0x00000245883b5780, 0x00000245883b6e78]
Event: 9.617 Thread 0x00000245fcadd310 2121       3       java.lang.reflect.Method::hasGenericInformation (13 bytes)
Event: 9.617 Thread 0x00000245fcadd310 nmethod 2121 0x00000245883b7590 code [0x00000245883b7720, 0x00000245883b7898]
Event: 9.617 Thread 0x00000245fcadd310 2123       3       org.gradle.internal.service.AbstractServiceMethod::<init> (42 bytes)
Event: 9.621 Thread 0x00000245fcadd310 nmethod 2123 0x00000245883b7910 code [0x00000245883b7c80, 0x00000245883b9848]
Event: 9.622 Thread 0x00000245fcadd310 2122       3       java.lang.reflect.Method::getGenericReturnType (20 bytes)
Event: 9.624 Thread 0x00000245fcadd310 nmethod 2122 0x00000245883ba010 code [0x00000245883ba2c0, 0x00000245883bb3f8]
Event: 9.637 Thread 0x00000245fcadd310 2124       3       org.gradle.internal.service.DefaultServiceRegistry$FactoryMethodService::<init> (22 bytes)
Event: 9.639 Thread 0x00000245fcadd310 nmethod 2124 0x00000245883bb910 code [0x00000245883bbb40, 0x00000245883bc5a8]
Event: 9.661 Thread 0x00000245fcadd310 2125       3       jdk.internal.misc.Unsafe::putReferenceOpaque (9 bytes)
Event: 9.661 Thread 0x00000245fcadd310 nmethod 2125 0x00000245883bc910 code [0x00000245883bcaa0, 0x00000245883bcbf8]
Event: 9.661 Thread 0x00000245fcadd310 2126       3       java.util.concurrent.locks.AbstractQueuedSynchronizer$ConditionObject::canReacquire (28 bytes)
Event: 9.662 Thread 0x00000245fcadd310 nmethod 2126 0x00000245883bcc90 code [0x00000245883bce40, 0x00000245883bd198]

GC Heap History (10 events):
Event: 1.776 GC heap before
{Heap before GC invocations=0 (full 0):
 garbage-first heap   total 57344K, used 15360K [0x0000000080000000, 0x0000000100000000)
  region size 1024K, 13 young (13312K), 0 survivors (0K)
 Metaspace       used 961K, committed 1088K, reserved 1056768K
  class space    used 74K, committed 128K, reserved 1048576K
}
Event: 1.788 GC heap after
{Heap after GC invocations=1 (full 0):
 garbage-first heap   total 57344K, used 4096K [0x0000000080000000, 0x0000000100000000)
  region size 1024K, 2 young (2048K), 2 survivors (2048K)
 Metaspace       used 961K, committed 1088K, reserved 1056768K
  class space    used 74K, committed 128K, reserved 1048576K
}
Event: 3.233 GC heap before
{Heap before GC invocations=1 (full 0):
 garbage-first heap   total 57344K, used 20480K [0x0000000080000000, 0x0000000100000000)
  region size 1024K, 16 young (16384K), 2 survivors (2048K)
 Metaspace       used 3662K, committed 3840K, reserved 1056768K
  class space    used 461K, committed 576K, reserved 1048576K
}
Event: 3.244 GC heap after
{Heap after GC invocations=2 (full 0):
 garbage-first heap   total 57344K, used 9140K [0x0000000080000000, 0x0000000100000000)
  region size 1024K, 2 young (2048K), 2 survivors (2048K)
 Metaspace       used 3662K, committed 3840K, reserved 1056768K
  class space    used 461K, committed 576K, reserved 1048576K
}
Event: 3.967 GC heap before
{Heap before GC invocations=2 (full 0):
 garbage-first heap   total 57344K, used 26548K [0x0000000080000000, 0x0000000100000000)
  region size 1024K, 19 young (19456K), 2 survivors (2048K)
 Metaspace       used 3851K, committed 4032K, reserved 1056768K
  class space    used 475K, committed 576K, reserved 1048576K
}
Event: 3.973 GC heap after
{Heap after GC invocations=3 (full 0):
 garbage-first heap   total 57344K, used 9712K [0x0000000080000000, 0x0000000100000000)
  region size 1024K, 1 young (1024K), 1 survivors (1024K)
 Metaspace       used 3851K, committed 4032K, reserved 1056768K
  class space    used 475K, committed 576K, reserved 1048576K
}
Event: 6.007 GC heap before
{Heap before GC invocations=3 (full 0):
 garbage-first heap   total 57344K, used 38384K [0x0000000080000000, 0x0000000100000000)
  region size 1024K, 29 young (29696K), 1 survivors (1024K)
 Metaspace       used 6968K, committed 7168K, reserved 1056768K
  class space    used 956K, committed 1024K, reserved 1048576K
}
Event: 6.016 GC heap after
{Heap after GC invocations=4 (full 0):
 garbage-first heap   total 57344K, used 15887K [0x0000000080000000, 0x0000000100000000)
  region size 1024K, 4 young (4096K), 4 survivors (4096K)
 Metaspace       used 6968K, committed 7168K, reserved 1056768K
  class space    used 956K, committed 1024K, reserved 1048576K
}
Event: 8.198 GC heap before
{Heap before GC invocations=4 (full 0):
 garbage-first heap   total 57344K, used 34319K [0x0000000080000000, 0x0000000100000000)
  region size 1024K, 23 young (23552K), 4 survivors (4096K)
 Metaspace       used 11371K, committed 11584K, reserved 1064960K
  class space    used 1621K, committed 1728K, reserved 1048576K
}
Event: 8.207 GC heap after
{Heap after GC invocations=5 (full 0):
 garbage-first heap   total 57344K, used 17350K [0x0000000080000000, 0x0000000100000000)
  region size 1024K, 2 young (2048K), 2 survivors (2048K)
 Metaspace       used 11371K, committed 11584K, reserved 1064960K
  class space    used 1621K, committed 1728K, reserved 1048576K
}

Deoptimization events (20 events):
Event: 8.371 Thread 0x000002459ca66040 Uncommon trap: trap_request=0xffffff45 fr.pc=0x000002458f4d85dc relative=0x00000000000003fc
Event: 8.371 Thread 0x000002459ca66040 Uncommon trap: reason=unstable_if action=reinterpret pc=0x000002458f4d85dc method=java.util.regex.Matcher.match(II)Z @ 76 c2
Event: 8.371 Thread 0x000002459ca66040 DEOPT PACKING pc=0x000002458f4d85dc sp=0x000000d2ff3f82c0
Event: 8.371 Thread 0x000002459ca66040 DEOPT UNPACKING pc=0x0000024587a423a3 sp=0x000000d2ff3f8290 mode 2
Event: 8.372 Thread 0x000002459ca66040 Uncommon trap: trap_request=0xffffff45 fr.pc=0x000002458f4d7974 relative=0x00000000000001d4
Event: 8.372 Thread 0x000002459ca66040 Uncommon trap: reason=unstable_if action=reinterpret pc=0x000002458f4d7974 method=java.util.regex.Matcher.reset()Ljava/util/regex/Matcher; @ 47 c2
Event: 8.372 Thread 0x000002459ca66040 DEOPT PACKING pc=0x000002458f4d7974 sp=0x000000d2ff3f8190
Event: 8.372 Thread 0x000002459ca66040 DEOPT UNPACKING pc=0x0000024587a423a3 sp=0x000000d2ff3f8120 mode 2
Event: 8.784 Thread 0x000002459ca66040 Uncommon trap: trap_request=0xffffff45 fr.pc=0x000002458f56d738 relative=0x0000000000000038
Event: 8.784 Thread 0x000002459ca66040 Uncommon trap: reason=unstable_if action=reinterpret pc=0x000002458f56d738 method=jdk.internal.misc.Unsafe.convEndian(ZI)I @ 4 c2
Event: 8.784 Thread 0x000002459ca66040 DEOPT PACKING pc=0x000002458f56d738 sp=0x000000d2ff3fa5c0
Event: 8.784 Thread 0x000002459ca66040 DEOPT UNPACKING pc=0x0000024587a423a3 sp=0x000000d2ff3fa558 mode 2
Event: 8.786 Thread 0x000002459ca66040 Uncommon trap: trap_request=0xffffff45 fr.pc=0x000002458f56ce74 relative=0x0000000000000074
Event: 8.786 Thread 0x000002459ca66040 Uncommon trap: reason=unstable_if action=reinterpret pc=0x000002458f56ce74 method=jdk.internal.misc.Unsafe.convEndian(ZI)I @ 4 c2
Event: 8.786 Thread 0x000002459ca66040 DEOPT PACKING pc=0x000002458f56ce74 sp=0x000000d2ff3fa300
Event: 8.786 Thread 0x000002459ca66040 DEOPT UNPACKING pc=0x0000024587a423a3 sp=0x000000d2ff3fa208 mode 2
Event: 8.839 Thread 0x000002459ca66040 Uncommon trap: trap_request=0xffffff45 fr.pc=0x000002458f525594 relative=0x0000000000000574
Event: 8.839 Thread 0x000002459ca66040 Uncommon trap: reason=unstable_if action=reinterpret pc=0x000002458f525594 method=java.io.File.getName()Ljava/lang/String; @ 16 c2
Event: 8.839 Thread 0x000002459ca66040 DEOPT PACKING pc=0x000002458f525594 sp=0x000000d2ff3fae80
Event: 8.839 Thread 0x000002459ca66040 DEOPT UNPACKING pc=0x0000024587a423a3 sp=0x000000d2ff3fae50 mode 2

Classes unloaded (0 events):
No events

Classes redefined (0 events):
No events

Internal exceptions (20 events):
Event: 6.917 Thread 0x00000245fca01170 Exception <a 'java/lang/NoSuchMethodError'{0x0000000083663758}: 'void java.lang.invoke.DirectMethodHandle$Holder.invokeStatic(java.lang.Object, java.lang.Object, java.lang.Object)'> (0x0000000083663758) 
thrown [e:\jenkins\tmp\workspace\build\src\src\hotspot\share\interpreter\linkResolver.cpp, line 766]
Event: 6.980 Thread 0x00000245fca01170 Exception <a 'java/io/IOException'{0x00000000836ff3b0}> (0x00000000836ff3b0) 
thrown [e:\jenkins\tmp\workspace\build\src\src\hotspot\share\prims\jni.cpp, line 516]
Event: 7.399 Thread 0x000002459ca66040 Exception <a 'java/lang/NoSuchMethodError'{0x000000008303b290}: 'void java.lang.invoke.DirectMethodHandle$Holder.invokeVirtual(java.lang.Object, java.lang.Object, java.lang.Object, java.lang.Object)'> (0x000000008303b290) 
thrown [e:\jenkins\tmp\workspace\build\src\src\hotspot\share\interpreter\linkResolver.cpp, line 766]
Event: 7.404 Thread 0x000002459ca66040 Exception <a 'java/lang/NoSuchMethodError'{0x0000000083047f78}: 'void java.lang.invoke.DirectMethodHandle$Holder.invokeSpecial(java.lang.Object, java.lang.Object, java.lang.Object, java.lang.Object, java.lang.Object)'> (0x0000000083047f78) 
thrown [e:\jenkins\tmp\workspace\build\src\src\hotspot\share\interpreter\linkResolver.cpp, line 766]
Event: 7.405 Thread 0x000002459ca66040 Exception <a 'java/lang/NoSuchMethodError'{0x000000008304f630}: 'java.lang.Object java.lang.invoke.Invokers$Holder.invoker(java.lang.Object, java.lang.Object, java.lang.Object, java.lang.Object)'> (0x000000008304f630) 
thrown [e:\jenkins\tmp\workspace\build\src\src\hotspot\share\interpreter\linkResolver.cpp, line 766]
Event: 7.424 Thread 0x000002459ca66040 Exception <a 'java/lang/NoSuchMethodError'{0x000000008307e6f0}: 'long java.lang.invoke.DirectMethodHandle$Holder.invokeInterface(java.lang.Object, java.lang.Object)'> (0x000000008307e6f0) 
thrown [e:\jenkins\tmp\workspace\build\src\src\hotspot\share\interpreter\linkResolver.cpp, line 766]
Event: 7.437 Thread 0x000002459ca66040 Exception <a 'java/lang/NoSuchMethodError'{0x00000000830a25e0}: 'void java.lang.invoke.DelegatingMethodHandle$Holder.reinvoke_L(java.lang.Object, java.lang.Object, java.lang.Object, java.lang.Object, java.lang.Object, java.lang.Object, java.lang.Object)'> (0x00000000830a25e0) 
thrown [e:\jenkins\tmp\workspace\build\src\src\hotspot\share\interpreter\linkResolver.cpp, line 766]
Event: 8.328 Thread 0x000002459ca66040 Exception <a 'java/lang/NoSuchMethodError'{0x00000000835316a0}: 'void java.lang.invoke.DirectMethodHandle$Holder.invokeStaticInit(java.lang.Object)'> (0x00000000835316a0) 
thrown [e:\jenkins\tmp\workspace\build\src\src\hotspot\share\interpreter\linkResolver.cpp, line 766]
Event: 8.341 Thread 0x000002459ca66040 Exception <a 'java/lang/NoSuchMethodError'{0x0000000083548800}: 'void java.lang.invoke.DirectMethodHandle$Holder.invokeSpecial(java.lang.Object, java.lang.Object, java.lang.Object)'> (0x0000000083548800) 
thrown [e:\jenkins\tmp\workspace\build\src\src\hotspot\share\interpreter\linkResolver.cpp, line 766]
Event: 8.450 Thread 0x000002459ca66040 Exception <a 'java/lang/NoSuchMethodError'{0x00000000833004f0}: 'java.lang.Object java.lang.invoke.DirectMethodHandle$Holder.newInvokeSpecial(java.lang.Object, java.lang.Object, java.lang.Object, int)'> (0x00000000833004f0) 
thrown [e:\jenkins\tmp\workspace\build\src\src\hotspot\share\interpreter\linkResolver.cpp, line 766]
Event: 8.452 Thread 0x000002459ca66040 Exception <a 'java/lang/NoSuchMethodError'{0x0000000083305338}: 'java.lang.Object java.lang.invoke.DirectMethodHandle$Holder.invokeSpecial(java.lang.Object, java.lang.Object, java.lang.Object, java.lang.Object, int)'> (0x0000000083305338) 
thrown [e:\jenkins\tmp\workspace\build\src\src\hotspot\share\interpreter\linkResolver.cpp, line 766]
Event: 8.453 Thread 0x000002459ca66040 Exception <a 'java/lang/NoSuchMethodError'{0x00000000833096f8}: 'java.lang.Object java.lang.invoke.Invokers$Holder.linkToTargetMethod(java.lang.Object, java.lang.Object, int, java.lang.Object)'> (0x00000000833096f8) 
thrown [e:\jenkins\tmp\workspace\build\src\src\hotspot\share\interpreter\linkResolver.cpp, line 766]
Event: 8.891 Thread 0x000002459ca66040 Exception <a 'java/lang/NoSuchMethodError'{0x0000000083188898}: 'java.lang.Object java.lang.invoke.DirectMethodHandle$Holder.newInvokeSpecial(java.lang.Object, java.lang.Object, java.lang.Object, java.lang.Object, java.lang.Object)'> (0x0000000083188898) 
thrown [e:\jenkins\tmp\workspace\build\src\src\hotspot\share\interpreter\linkResolver.cpp, line 766]
Event: 8.957 Thread 0x000002459ca66040 Exception <a 'java/lang/NoSuchMethodError'{0x0000000083080980}: 'int java.lang.invoke.DirectMethodHandle$Holder.invokeSpecialIFC(java.lang.Object, java.lang.Object, java.lang.Object, java.lang.Object)'> (0x0000000083080980) 
thrown [e:\jenkins\tmp\workspace\build\src\src\hotspot\share\interpreter\linkResolver.cpp, line 766]
Event: 8.965 Thread 0x000002459ca66040 Exception <a 'java/lang/NoSuchMethodError'{0x000000008308f9d8}: 'java.lang.Object java.lang.invoke.DirectMethodHandle$Holder.invokeInterface(java.lang.Object, java.lang.Object, java.lang.Object)'> (0x000000008308f9d8) 
thrown [e:\jenkins\tmp\workspace\build\src\src\hotspot\share\interpreter\linkResolver.cpp, line 766]
Event: 8.967 Thread 0x000002459ca66040 Exception <a 'java/lang/IncompatibleClassChangeError'{0x00000000830938b0}: Found class java.lang.Object, but interface was expected> (0x00000000830938b0) 
thrown [e:\jenkins\tmp\workspace\build\src\src\hotspot\share\interpreter\linkResolver.cpp, line 833]
Event: 9.229 Thread 0x000002459ca66040 Exception <a 'java/lang/NoSuchMethodError'{0x0000000082d778e8}: 'int java.lang.invoke.DirectMethodHandle$Holder.invokeStatic(java.lang.Object, java.lang.Object, java.lang.Object, java.lang.Object)'> (0x0000000082d778e8) 
thrown [e:\jenkins\tmp\workspace\build\src\src\hotspot\share\interpreter\linkResolver.cpp, line 766]
Event: 9.230 Thread 0x000002459ca66040 Exception <a 'java/lang/NoSuchMethodError'{0x0000000082d7b7b8}: 'java.lang.Object java.lang.invoke.Invokers$Holder.invokeExact_MT(java.lang.Object, java.lang.Object, java.lang.Object, java.lang.Object, java.lang.Object, java.lang.Object)'> (0x0000000082d7b7b8) 
thrown [e:\jenkins\tmp\workspace\build\src\src\hotspot\share\interpreter\linkResolver.cpp, line 766]
Event: 9.290 Thread 0x000002459ca66040 Exception <a 'java/lang/NoSuchMethodError'{0x0000000082c5ccf0}: 'java.lang.Object java.lang.invoke.DirectMethodHandle$Holder.invokeInterface(java.lang.Object, java.lang.Object)'> (0x0000000082c5ccf0) 
thrown [e:\jenkins\tmp\workspace\build\src\src\hotspot\share\interpreter\linkResolver.cpp, line 766]
Event: 9.418 Thread 0x000002459ca66040 Exception <a 'java/lang/NoSuchMethodError'{0x0000000082a7ff98}: 'java.lang.Object java.lang.invoke.DirectMethodHandle$Holder.invokeSpecial(java.lang.Object, java.lang.Object, java.lang.Object, java.lang.Object, java.lang.Object, java.lang.Object, java.lang.Object, java.lang.Object, java.lang.Object)'> (0x0000000082a7ff98) 
thrown [e:\jenkins\tmp\workspace\build\src\src\hotspot\share\interpreter\linkResolver.cpp, line 766]

VM Operations (20 events):
Event: 5.798 Executing VM operation: HandshakeAllThreads
Event: 5.798 Executing VM operation: HandshakeAllThreads done
Event: 5.869 Executing VM operation: HandshakeAllThreads
Event: 5.869 Executing VM operation: HandshakeAllThreads done
Event: 6.007 Executing VM operation: G1CollectForAllocation
Event: 6.016 Executing VM operation: G1CollectForAllocation done
Event: 6.913 Executing VM operation: HandshakeAllThreads
Event: 6.914 Executing VM operation: HandshakeAllThreads done
Event: 7.087 Executing VM operation: HandshakeAllThreads
Event: 7.087 Executing VM operation: HandshakeAllThreads done
Event: 7.087 Executing VM operation: Cleanup
Event: 7.088 Executing VM operation: Cleanup done
Event: 8.040 Executing VM operation: HandshakeAllThreads
Event: 8.040 Executing VM operation: HandshakeAllThreads done
Event: 8.040 Executing VM operation: HandshakeAllThreads
Event: 8.040 Executing VM operation: HandshakeAllThreads done
Event: 8.198 Executing VM operation: G1CollectForAllocation
Event: 8.207 Executing VM operation: G1CollectForAllocation done
Event: 8.852 Executing VM operation: HandshakeAllThreads
Event: 8.852 Executing VM operation: HandshakeAllThreads done

Events (20 events):
Event: 8.943 loading class java/nio/file/FileVisitor
Event: 8.945 loading class java/nio/file/FileVisitor done
Event: 8.945 loading class java/nio/file/FileVisitOption
Event: 8.945 loading class java/nio/file/FileVisitOption done
Event: 8.969 loading class java/util/stream/ReduceOps$1
Event: 8.971 loading class java/util/stream/ReduceOps$1 done
Event: 8.972 loading class java/util/stream/ReduceOps$1ReducingSink
Event: 8.974 loading class java/util/stream/ReduceOps$1ReducingSink done
Event: 9.010 loading class java/io/ObjectOutputStream
Event: 9.011 loading class java/io/ObjectOutput
Event: 9.012 loading class java/io/ObjectOutput done
Event: 9.012 loading class java/io/ObjectStreamConstants
Event: 9.013 loading class java/io/ObjectStreamConstants done
Event: 9.013 loading class java/io/ObjectOutputStream done
Event: 9.015 loading class java/io/ObjectInputStream
Event: 9.016 loading class java/io/ObjectInput
Event: 9.017 loading class java/io/ObjectInput done
Event: 9.017 loading class java/io/ObjectInputStream done
Event: 9.224 loading class java/lang/invoke/MethodHandle$1
Event: 9.225 loading class java/lang/invoke/MethodHandle$1 done


Dynamic libraries:
0x00007ff72efe0000 - 0x00007ff72efee000 	C:\Program Files\Eclipse Adoptium\jdk-17.0.1.12-hotspot\bin\java.exe
0x00007ff858ab0000 - 0x00007ff858ca8000 	C:\WINDOWS\SYSTEM32\ntdll.dll
0x00007ff857ab0000 - 0x00007ff857b6f000 	C:\WINDOWS\System32\KERNEL32.DLL
0x00007ff856340000 - 0x00007ff856612000 	C:\WINDOWS\System32\KERNELBASE.dll
0x00007ff856890000 - 0x00007ff856990000 	C:\WINDOWS\System32\ucrtbase.dll
0x00007ff846050000 - 0x00007ff846068000 	C:\Program Files\Eclipse Adoptium\jdk-17.0.1.12-hotspot\bin\jli.dll
0x00007ff856b80000 - 0x00007ff856d21000 	C:\WINDOWS\System32\USER32.dll
0x00007ff856280000 - 0x00007ff8562a2000 	C:\WINDOWS\System32\win32u.dll
0x00007ff8424d0000 - 0x00007ff8424e9000 	C:\Program Files\Eclipse Adoptium\jdk-17.0.1.12-hotspot\bin\VCRUNTIME140.dll
0x00007ff856af0000 - 0x00007ff856b1b000 	C:\WINDOWS\System32\GDI32.dll
0x00007ff856620000 - 0x00007ff85672f000 	C:\WINDOWS\System32\gdi32full.dll
0x00007ff8567a0000 - 0x00007ff85683d000 	C:\WINDOWS\System32\msvcp_win.dll
0x00007ff847500000 - 0x00007ff84779a000 	C:\WINDOWS\WinSxS\amd64_microsoft.windows.common-controls_6595b64144ccf1df_6.0.19041.1110_none_60b5254171f9507e\COMCTL32.dll
0x00007ff856e50000 - 0x00007ff856eee000 	C:\WINDOWS\System32\msvcrt.dll
0x00007ff8574d0000 - 0x00007ff857502000 	C:\WINDOWS\System32\IMM32.DLL
0x00007ff84d220000 - 0x00007ff84d22c000 	C:\Program Files\Eclipse Adoptium\jdk-17.0.1.12-hotspot\bin\vcruntime140_1.dll
0x00007ff819610000 - 0x00007ff8196a1000 	C:\Program Files\Eclipse Adoptium\jdk-17.0.1.12-hotspot\bin\msvcp140.dll
0x00007ff808800000 - 0x00007ff809446000 	C:\Program Files\Eclipse Adoptium\jdk-17.0.1.12-hotspot\bin\server\jvm.dll
0x00007ff857be0000 - 0x00007ff857c8e000 	C:\WINDOWS\System32\ADVAPI32.dll
0x00007ff8575f0000 - 0x00007ff85768c000 	C:\WINDOWS\System32\sechost.dll
0x00007ff8577e0000 - 0x00007ff857905000 	C:\WINDOWS\System32\RPCRT4.dll
0x00007ff857690000 - 0x00007ff857698000 	C:\WINDOWS\System32\PSAPI.DLL
0x00007ff84db00000 - 0x00007ff84db27000 	C:\WINDOWS\SYSTEM32\WINMM.dll
0x00007ff84db70000 - 0x00007ff84db7a000 	C:\WINDOWS\SYSTEM32\VERSION.dll
0x00007ff8514a0000 - 0x00007ff8514a9000 	C:\WINDOWS\SYSTEM32\WSOCK32.dll
0x00007ff857b70000 - 0x00007ff857bdb000 	C:\WINDOWS\System32\WS2_32.dll
0x00007ff854060000 - 0x00007ff854072000 	C:\WINDOWS\SYSTEM32\kernel.appcore.dll
0x00007ff845070000 - 0x00007ff84507a000 	C:\Program Files\Eclipse Adoptium\jdk-17.0.1.12-hotspot\bin\jimage.dll
0x00007ff851c70000 - 0x00007ff851e54000 	C:\WINDOWS\SYSTEM32\DBGHELP.DLL
0x00007ff844650000 - 0x00007ff844685000 	C:\WINDOWS\SYSTEM32\dbgcore.DLL
0x00007ff8562b0000 - 0x00007ff856332000 	C:\WINDOWS\System32\bcryptPrimitives.dll
0x00007ff83e9a0000 - 0x00007ff83e9c5000 	C:\Program Files\Eclipse Adoptium\jdk-17.0.1.12-hotspot\bin\java.dll
0x00007ff819530000 - 0x00007ff819606000 	C:\Program Files\Eclipse Adoptium\jdk-17.0.1.12-hotspot\bin\svml.dll
0x00007ff858240000 - 0x00007ff858984000 	C:\WINDOWS\System32\SHELL32.dll
0x00007ff854260000 - 0x00007ff8549f2000 	C:\WINDOWS\SYSTEM32\windows.storage.dll
0x00007ff857170000 - 0x00007ff8574c5000 	C:\WINDOWS\System32\combase.dll
0x00007ff855c00000 - 0x00007ff855c30000 	C:\WINDOWS\SYSTEM32\Wldp.dll
0x00007ff8570a0000 - 0x00007ff85714d000 	C:\WINDOWS\System32\SHCORE.dll
0x00007ff856d90000 - 0x00007ff856de5000 	C:\WINDOWS\System32\shlwapi.dll
0x00007ff8560e0000 - 0x00007ff8560ff000 	C:\WINDOWS\SYSTEM32\profapi.dll
0x00007ff8424b0000 - 0x00007ff8424c9000 	C:\Program Files\Eclipse Adoptium\jdk-17.0.1.12-hotspot\bin\net.dll
0x00007ff84c240000 - 0x00007ff84c34c000 	C:\WINDOWS\SYSTEM32\WINHTTP.dll
0x00007ff855960000 - 0x00007ff8559ca000 	C:\WINDOWS\system32\mswsock.dll
0x00007ff83e940000 - 0x00007ff83e955000 	C:\Program Files\Eclipse Adoptium\jdk-17.0.1.12-hotspot\bin\nio.dll
0x00007ff839e80000 - 0x00007ff839e98000 	C:\Program Files\Eclipse Adoptium\jdk-17.0.1.12-hotspot\bin\zip.dll
0x00007ff829100000 - 0x00007ff829110000 	C:\Program Files\Eclipse Adoptium\jdk-17.0.1.12-hotspot\bin\verify.dll
0x00007ff842540000 - 0x00007ff842567000 	C:\Users\dwise\.gradle\native\e1d6ef7f7dcc3fd88c89a11ec53ec762bb8ba0a96d01ffa2cd45eb1d1d8dd5c5\windows-amd64\native-platform.dll
0x00007ff8193e0000 - 0x00007ff819524000 	C:\Users\dwise\.gradle\native\5664cfc778a61ccfe75a443a1ab52a65af34e5dc3c78e0209fed803814484fcb\windows-amd64\native-platform-file-events.dll
0x00007ff828610000 - 0x00007ff828619000 	C:\Program Files\Eclipse Adoptium\jdk-17.0.1.12-hotspot\bin\management.dll
0x00007ff826360000 - 0x00007ff82636b000 	C:\Program Files\Eclipse Adoptium\jdk-17.0.1.12-hotspot\bin\management_ext.dll
0x00007ff855b60000 - 0x00007ff855b78000 	C:\WINDOWS\SYSTEM32\CRYPTSP.dll
0x00007ff8551a0000 - 0x00007ff8551d4000 	C:\WINDOWS\system32\rsaenh.dll
0x00007ff856250000 - 0x00007ff856277000 	C:\WINDOWS\System32\bcrypt.dll
0x00007ff8560a0000 - 0x00007ff8560ce000 	C:\WINDOWS\SYSTEM32\USERENV.dll
0x00007ff855b50000 - 0x00007ff855b5c000 	C:\WINDOWS\SYSTEM32\CRYPTBASE.dll
0x00007ff855600000 - 0x00007ff85563b000 	C:\WINDOWS\SYSTEM32\IPHLPAPI.DLL
0x00007ff8576a0000 - 0x00007ff8576a8000 	C:\WINDOWS\System32\NSI.dll
0x00007ff84c550000 - 0x00007ff84c567000 	C:\WINDOWS\SYSTEM32\dhcpcsvc6.DLL
0x00007ff84ce20000 - 0x00007ff84ce3d000 	C:\WINDOWS\SYSTEM32\dhcpcsvc.DLL
0x00007ff855650000 - 0x00007ff85571a000 	C:\WINDOWS\SYSTEM32\DNSAPI.dll
0x00007ff826350000 - 0x00007ff82635e000 	C:\Program Files\Eclipse Adoptium\jdk-17.0.1.12-hotspot\bin\sunmscapi.dll
0x00007ff856990000 - 0x00007ff856ae6000 	C:\WINDOWS\System32\CRYPT32.dll
0x00007ff855c70000 - 0x00007ff855c97000 	C:\WINDOWS\SYSTEM32\ncrypt.dll
0x00007ff855c30000 - 0x00007ff855c6b000 	C:\WINDOWS\SYSTEM32\NTASN1.dll
0x00007ff823390000 - 0x00007ff823397000 	C:\WINDOWS\system32\wshunix.dll

dbghelp: loaded successfully - version: 4.0.5 - missing functions: none
symbol engine: initialized successfully - sym options: 0x614 - pdb path: .;C:\Program Files\Eclipse Adoptium\jdk-17.0.1.12-hotspot\bin;C:\WINDOWS\SYSTEM32;C:\WINDOWS\WinSxS\amd64_microsoft.windows.common-controls_6595b64144ccf1df_6.0.19041.1110_none_60b5254171f9507e;C:\Program Files\Eclipse Adoptium\jdk-17.0.1.12-hotspot\bin\server;C:\Users\dwise\.gradle\native\e1d6ef7f7dcc3fd88c89a11ec53ec762bb8ba0a96d01ffa2cd45eb1d1d8dd5c5\windows-amd64;C:\Users\dwise\.gradle\native\5664cfc778a61ccfe75a443a1ab52a65af34e5dc3c78e0209fed803814484fcb\windows-amd64

VM Arguments:
jvm_args: --add-opens=java.base/java.util=ALL-UNNAMED --add-opens=java.base/java.lang=ALL-UNNAMED --add-opens=java.base/java.lang.invoke=ALL-UNNAMED --add-opens=java.base/java.util=ALL-UNNAMED --add-opens=java.prefs/java.util.prefs=ALL-UNNAMED --add-opens=java.prefs/java.util.prefs=ALL-UNNAMED --add-opens=java.base/java.nio.charset=ALL-UNNAMED --add-opens=java.base/java.net=ALL-UNNAMED --add-opens=java.base/java.util.concurrent.atomic=ALL-UNNAMED -Xmx2048m -Dfile.encoding=windows-1252 -Duser.country=ID -Duser.language=en -Duser.variant 
java_command: org.gradle.launcher.daemon.bootstrap.GradleDaemon 7.2
java_class_path (initial): C:\Users\dwise\.gradle\wrapper\dists\gradle-7.2-bin\2dnblmf4td7x66yl1d74lt32g\gradle-7.2\lib\gradle-launcher-7.2.jar
Launcher Type: SUN_STANDARD

[Global flags]
     intx CICompilerCount                          = 3                                         {product} {ergonomic}
     uint ConcGCThreads                            = 1                                         {product} {ergonomic}
     uint G1ConcRefinementThreads                  = 4                                         {product} {ergonomic}
   size_t G1HeapRegionSize                         = 1048576                                   {product} {ergonomic}
    uintx GCDrainStackTargetSize                   = 64                                        {product} {ergonomic}
   size_t InitialHeapSize                          = 58720256                                  {product} {ergonomic}
   size_t MarkStackSize                            = 4194304                                   {product} {ergonomic}
   size_t MaxHeapSize                              = 2147483648                                {product} {command line}
   size_t MaxNewSize                               = 1287651328                                {product} {ergonomic}
   size_t MinHeapDeltaBytes                        = 1048576                                   {product} {ergonomic}
   size_t MinHeapSize                              = 8388608                                   {product} {ergonomic}
    uintx NonNMethodCodeHeapSize                   = 5832780                                {pd product} {ergonomic}
    uintx NonProfiledCodeHeapSize                  = 122912730                              {pd product} {ergonomic}
    uintx ProfiledCodeHeapSize                     = 122912730                              {pd product} {ergonomic}
    uintx ReservedCodeCacheSize                    = 251658240                              {pd product} {ergonomic}
     bool SegmentedCodeCache                       = true                                      {product} {ergonomic}
   size_t SoftMaxHeapSize                          = 2147483648                             {manageable} {ergonomic}
     bool UseCompressedClassPointers               = true                           {product lp64_product} {ergonomic}
     bool UseCompressedOops                        = true                           {product lp64_product} {ergonomic}
     bool UseG1GC                                  = true                                      {product} {ergonomic}
     bool UseLargePagesIndividualAllocation        = false                                  {pd product} {ergonomic}

Logging:
Log output configuration:
 #0: stdout all=warning uptime,level,tags
 #1: stderr all=off uptime,level,tags

Environment Variables:
PATH=C:\Python310\Scripts\;C:\Python310\;C:\Program Files (x86)\Common Files\Intel\Shared Files\cpp\bin\Intel64;C:\Program Files\Eclipse Adoptium\jdk-17.0.1.12-hotspot\bin;C:\WINDOWS\system32;C:\WINDOWS;C:\WINDOWS\System32\Wbem;C:\WINDOWS\System32\WindowsPowerShell\v1.0\;C:\WINDOWS\System32\OpenSSH\;C:\Program Files\Git\cmd;C:\xampp\php;C:\composer;C:\Program Files\Dart\dart-sdk\bin;C:\Program Files\nodejs\;C:\ProgramData\chocolatey\bin;C:\Users\dwise\AppData\Local\Programs\Python\Python38\Scripts\;C:\Users\dwise\AppData\Local\Programs\Python\Python38\;C:\Users\dwise\AppData\Local\Microsoft\WindowsApps;C:\Users\dwise\AppData\Local\Programs\Microsoft VS Code\bin;C:\Users\dwise\AppData\Local\GitHubDesktop\bin;C:\Users\dwise\AppData\Roaming\Composer\vendor\bin;C:\Users\dwise\OneDrive\Documents\flutter\flutter\bin;C:\Users\dwise\AppData\Roaming\npm
USERNAME=dwise
OS=Windows_NT
PROCESSOR_IDENTIFIER=AMD64 Family 22 Model 48 Stepping 1, AuthenticAMD



---------------  S Y S T E M  ---------------

OS:
 Windows 10 , 64 bit Build 19041 (10.0.19041.2364)
OS uptime: 2 days 4:21 hours

CPU: total 4 (initial active 4) (4 cores per cpu, 1 threads per core) family 22 model 48 stepping 1 microcode 0x0, cx8, cmov, fxsr, mmx, 3dnowpref, sse, sse2, sse3, ssse3, sse4a, sse4.1, sse4.2, popcnt, lzcnt, tsc, tscinvbit, avx, aes, clmul, bmi1, vzeroupper, clflush

Memory: 4k page, system-wide physical 3550M (228M free)
TotalPageFile size 14302M (AvailPageFile size 6M)
current process WorkingSet (physical memory assigned to process): 138M, peak: 141M
current process commit charge ("private bytes"): 185M, peak: 186M

vm_info: OpenJDK 64-Bit Server VM (17.0.1+12) for windows-amd64 JRE (17.0.1+12), built on Oct 20 2021 07:42:55 by "" with MS VC++ 16.7 (VS2019)

END.
